[2024-11-13 15:45:04,729: INFO: main: Welcome]
[2024-11-25 11:31:20,177: INFO: common: yaml file: config/config.yaml loaded successfully]
[2024-11-25 11:31:20,190: INFO: common: yaml file: params.yaml loaded successfully]
[2024-11-25 11:31:20,196: INFO: common: created directory at: artifacts]
[2024-11-25 11:31:20,197: INFO: common: created directory at: artifacts/data_ingestion]
[2024-11-25 11:33:42,127: INFO: common: yaml file: config/config.yaml loaded successfully]
[2024-11-25 11:33:42,130: INFO: common: yaml file: params.yaml loaded successfully]
[2024-11-25 11:33:42,132: INFO: common: created directory at: artifacts]
[2024-11-25 11:33:42,132: INFO: common: created directory at: artifacts/data_ingestion]
[2024-11-25 11:34:30,675: INFO: common: yaml file: config/config.yaml loaded successfully]
[2024-11-25 11:34:30,677: INFO: common: yaml file: params.yaml loaded successfully]
[2024-11-25 11:34:30,678: INFO: common: created directory at: artifacts]
[2024-11-25 11:34:30,678: INFO: common: created directory at: artifacts/data_ingestion]
[2024-11-25 11:34:30,679: INFO: 3707087717: File already exists of size: ~ 282 KB]
[2024-11-25 11:35:04,772: INFO: common: yaml file: config/config.yaml loaded successfully]
[2024-11-25 11:35:04,775: INFO: common: yaml file: params.yaml loaded successfully]
[2024-11-25 11:35:04,776: INFO: common: created directory at: artifacts]
[2024-11-25 11:35:04,776: INFO: common: created directory at: artifacts/data_ingestion]
[2024-11-25 11:35:04,777: INFO: 1730056624: File already exists of size: ~ 282 KB]
[2024-11-25 11:36:22,192: INFO: common: yaml file: config/config.yaml loaded successfully]
[2024-11-25 11:36:22,197: INFO: common: yaml file: params.yaml loaded successfully]
[2024-11-25 11:36:22,197: INFO: common: created directory at: artifacts]
[2024-11-25 11:36:22,198: INFO: common: created directory at: artifacts/data_ingestion]
[2024-11-25 11:36:22,199: INFO: 1730056624: File already exists of size: ~ 282 KB]
[2024-11-25 11:39:19,620: INFO: common: yaml file: config/config.yaml loaded successfully]
[2024-11-25 11:39:19,622: INFO: common: yaml file: params.yaml loaded successfully]
[2024-11-25 11:39:19,623: INFO: common: created directory at: artifacts]
[2024-11-25 11:39:19,623: INFO: common: created directory at: artifacts/data_ingestion]
[2024-11-25 11:39:19,624: INFO: 3357725982: File already exists of size: ~ 282 KB]
[2024-11-25 11:44:11,830: INFO: common: yaml file: config/config.yaml loaded successfully]
[2024-11-25 11:44:11,833: INFO: common: yaml file: params.yaml loaded successfully]
[2024-11-25 11:44:11,834: INFO: common: created directory at: artifacts]
[2024-11-25 11:44:11,835: INFO: common: created directory at: artifacts/data_ingestion]
[2024-11-25 11:44:11,835: INFO: 3357725982: File already exists of size: ~ 282 KB]
[2024-11-25 11:49:32,173: INFO: common: yaml file: config/config.yaml loaded successfully]
[2024-11-25 11:49:32,179: INFO: common: yaml file: params.yaml loaded successfully]
[2024-11-25 11:49:32,179: INFO: common: created directory at: artifacts]
[2024-11-25 11:49:32,180: INFO: common: created directory at: artifacts/data_ingestion]
[2024-11-25 11:53:08,873: INFO: common: yaml file: config/config.yaml loaded successfully]
[2024-11-25 11:53:08,876: INFO: common: yaml file: params.yaml loaded successfully]
[2024-11-25 11:53:08,877: INFO: common: created directory at: artifacts]
[2024-11-25 11:53:08,878: INFO: common: created directory at: artifacts/data_ingestion]
[2024-11-25 11:53:08,879: INFO: 2873370200: File already exists of size: ~ 282 KB]
[2024-11-25 11:54:44,466: INFO: common: yaml file: config/config.yaml loaded successfully]
[2024-11-25 11:54:44,468: INFO: common: yaml file: params.yaml loaded successfully]
[2024-11-25 11:54:44,469: INFO: common: created directory at: artifacts]
[2024-11-25 11:54:44,470: INFO: common: created directory at: artifacts/data_ingestion]
[2024-11-25 11:55:43,644: INFO: common: yaml file: config/config.yaml loaded successfully]
[2024-11-25 11:55:43,646: INFO: common: yaml file: params.yaml loaded successfully]
[2024-11-25 11:55:43,647: INFO: common: created directory at: artifacts]
[2024-11-25 11:55:43,647: INFO: common: created directory at: artifacts/data_ingestion]
[2024-11-25 11:55:57,148: INFO: common: yaml file: config/config.yaml loaded successfully]
[2024-11-25 11:55:57,150: INFO: common: yaml file: params.yaml loaded successfully]
[2024-11-25 11:55:57,151: INFO: common: created directory at: artifacts]
[2024-11-25 11:55:57,151: INFO: common: created directory at: artifacts/data_ingestion]
[2024-11-25 11:55:57,152: INFO: 2873370200: File already exists of size: ~ 282 KB]
[2024-11-25 12:00:58,065: INFO: common: yaml file: config/config.yaml loaded successfully]
[2024-11-25 12:00:58,067: INFO: common: yaml file: params.yaml loaded successfully]
[2024-11-25 12:00:58,068: INFO: common: created directory at: artifacts]
[2024-11-25 12:00:58,069: INFO: common: created directory at: artifacts/data_ingestion]
[2024-11-25 12:00:58,069: INFO: 2873370200: File already exists of size: ~ 282 KB]
[2024-11-27 16:14:45,103: INFO: common: yaml file: config/config.yaml loaded successfully]
[2024-11-27 16:14:45,106: INFO: common: yaml file: params.yaml loaded successfully]
[2024-11-27 16:14:45,107: INFO: common: created directory at: artifacts]
[2024-11-27 16:14:45,108: INFO: common: created directory at: artifacts/data_ingestion]
[2024-11-27 16:14:45,109: INFO: 2873370200: File already exists of size: ~ 282 KB]
[2024-12-04 15:14:25,155: INFO: main: >>>>>> stage Data Ingestion stage started <<<<<<]
[2024-12-04 15:14:25,156: INFO: common: yaml file: config/config.yaml loaded successfully]
[2024-12-04 15:14:25,157: INFO: common: yaml file: params.yaml loaded successfully]
[2024-12-04 15:14:25,157: INFO: common: created directory at: artifacts]
[2024-12-04 15:14:25,157: INFO: common: created directory at: artifacts/data_ingestion]
[2024-12-04 15:14:25,157: INFO: data_ingestion: File already exists of size: ~ 282 KB]
[2024-12-04 15:14:25,157: ERROR: main: File is not a zip file]
Traceback (most recent call last):
  File "/Users/abdulrasheed/Desktop/ImageClassification/main.py", line 9, in <module>
    data_ingestion.main()
  File "/Users/abdulrasheed/Desktop/ImageClassification/source/CNNClassifier/pipeline/stage_01_data_ingestion.py", line 16, in main
    data_ingestion.extract_zip_file()
  File "/Users/abdulrasheed/Desktop/ImageClassification/source/CNNClassifier/components/data_ingestion.py", line 33, in extract_zip_file
    with zipfile.ZipFile(self.config.local_data_file, 'r') as zip_ref:
  File "/Library/Frameworks/Python.framework/Versions/3.10/lib/python3.10/zipfile.py", line 1258, in __init__
    self._RealGetContents()
  File "/Library/Frameworks/Python.framework/Versions/3.10/lib/python3.10/zipfile.py", line 1325, in _RealGetContents
    raise BadZipFile("File is not a zip file")
zipfile.BadZipFile: File is not a zip file
